----------------------------------------------------------------
Mon Apr 06 22:23:50 BRT 2020:
Booting Derby version The Apache Software Foundation - Apache Derby - 10.14.2.0 - (1828579): instance a816c00e-0171-523c-84d3-000011eabf78 
on database directory D:\atividade2\dbfuncionario with class loader sun.misc.Launcher$AppClassLoader@764c12b6 
Loaded from file:/C:/Users/fabio/.m2/repository/org/apache/derby/derby/10.14.2.0/derby-10.14.2.0.jar
java.vendor=Oracle Corporation
java.runtime.version=1.8.0_241-b07
user.dir=d:\atividade2
os.name=Windows 10
os.arch=amd64
os.version=10.0
derby.system.home=null
Database Class Loader started - derby.database.classpath=''
----------------------------------------------------------------
Mon Apr 06 22:25:00 BRT 2020:
Booting Derby version The Apache Software Foundation - Apache Derby - 10.14.2.0 - (1828579): instance c065801d-0171-523c-84d3-000011eabf78 
on database directory D:\atividade2\test with class loader sun.misc.Launcher$AppClassLoader@764c12b6 
Loaded from file:/C:/Users/fabio/.m2/repository/org/apache/derby/derby/10.14.2.0/derby-10.14.2.0.jar
java.vendor=Oracle Corporation
java.runtime.version=1.8.0_241-b07
user.dir=d:\atividade2
os.name=Windows 10
os.arch=amd64
os.version=10.0
derby.system.home=null
Database Class Loader started - derby.database.classpath=''
